<?xml version="1.0" encoding="UTF-8"?>
<testng-results skipped="0" failed="1" total="2" passed="1">
  <reporter-output>
  </reporter-output>
  <suite name="Default suite" duration-ms="38858" started-at="2018-07-10T06:18:22Z" finished-at="2018-07-10T06:19:01Z">
    <groups>
    </groups>
    <test name="Default test" duration-ms="38858" started-at="2018-07-10T06:18:22Z" finished-at="2018-07-10T06:19:01Z">
      <class name="com.melorra.qa.tests.LoginPageTest">
        <test-method status="PASS" signature="setUp()[pri:0, instance:com.melorra.qa.tests.LoginPageTest@4678c730]" name="setUp" is-config="true" duration-ms="16173" started-at="2018-07-10T11:48:22Z" finished-at="2018-07-10T11:48:39Z">
          <reporter-output>
          </reporter-output>
        </test-method> <!-- setUp -->
        <test-method status="PASS" signature="homePageTitleTest()[pri:0, instance:com.melorra.qa.tests.LoginPageTest@4678c730]" name="homePageTitleTest" duration-ms="39" started-at="2018-07-10T11:48:39Z" finished-at="2018-07-10T11:48:39Z">
          <reporter-output>
          </reporter-output>
        </test-method> <!-- homePageTitleTest -->
        <test-method status="PASS" signature="tearDown()[pri:0, instance:com.melorra.qa.tests.LoginPageTest@4678c730]" name="tearDown" is-config="true" duration-ms="1812" started-at="2018-07-10T11:48:39Z" finished-at="2018-07-10T11:48:40Z">
          <reporter-output>
          </reporter-output>
        </test-method> <!-- tearDown -->
        <test-method status="PASS" signature="setUp()[pri:0, instance:com.melorra.qa.tests.LoginPageTest@4678c730]" name="setUp" is-config="true" duration-ms="14853" started-at="2018-07-10T11:48:40Z" finished-at="2018-07-10T11:48:55Z">
          <reporter-output>
          </reporter-output>
        </test-method> <!-- setUp -->
        <test-method status="FAIL" signature="validloginTest()[pri:0, instance:com.melorra.qa.tests.LoginPageTest@4678c730]" name="validloginTest" duration-ms="3979" started-at="2018-07-10T11:48:55Z" finished-at="2018-07-10T11:48:59Z">
          <exception class="java.lang.AssertionError">
            <message>
              <![CDATA[expected [Please enter a valid email address.] but found []]]>
            </message>
            <full-stacktrace>
              <![CDATA[java.lang.AssertionError: expected [Please enter a valid email address.] but found []
	at org.testng.Assert.fail(Assert.java:94)
	at org.testng.Assert.failNotEquals(Assert.java:494)
	at org.testng.Assert.assertEquals(Assert.java:123)
	at org.testng.Assert.assertEquals(Assert.java:176)
	at org.testng.Assert.assertEquals(Assert.java:186)
	at com.melorra.qa.pages.LoginPage.login(LoginPage.java:71)
	at com.melorra.qa.tests.LoginPageTest.validloginTest(LoginPageTest.java:40)
	at sun.reflect.NativeMethodAccessorImpl.invoke0(Native Method)
	at sun.reflect.NativeMethodAccessorImpl.invoke(Unknown Source)
	at sun.reflect.DelegatingMethodAccessorImpl.invoke(Unknown Source)
	at java.lang.reflect.Method.invoke(Unknown Source)
	at org.testng.internal.MethodInvocationHelper.invokeMethod(MethodInvocationHelper.java:80)
	at org.testng.internal.Invoker.invokeMethod(Invoker.java:714)
	at org.testng.internal.Invoker.invokeTestMethod(Invoker.java:901)
	at org.testng.internal.Invoker.invokeTestMethods(Invoker.java:1231)
	at org.testng.internal.TestMethodWorker.invokeTestMethods(TestMethodWorker.java:127)
	at org.testng.internal.TestMethodWorker.run(TestMethodWorker.java:111)
	at org.testng.TestRunner.privateRun(TestRunner.java:767)
	at org.testng.TestRunner.run(TestRunner.java:617)
	at org.testng.SuiteRunner.runTest(SuiteRunner.java:334)
	at org.testng.SuiteRunner.runSequentially(SuiteRunner.java:329)
	at org.testng.SuiteRunner.privateRun(SuiteRunner.java:291)
	at org.testng.SuiteRunner.run(SuiteRunner.java:240)
	at org.testng.SuiteRunnerWorker.runSuite(SuiteRunnerWorker.java:52)
	at org.testng.SuiteRunnerWorker.run(SuiteRunnerWorker.java:86)
	at org.testng.TestNG.runSuitesSequentially(TestNG.java:1198)
	at org.testng.TestNG.runSuitesLocally(TestNG.java:1123)
	at org.testng.TestNG.run(TestNG.java:1031)
	at org.testng.remote.AbstractRemoteTestNG.run(AbstractRemoteTestNG.java:114)
	at org.testng.remote.RemoteTestNG.initAndRun(RemoteTestNG.java:251)
	at org.testng.remote.RemoteTestNG.main(RemoteTestNG.java:77)
]]>
            </full-stacktrace>
          </exception> <!-- java.lang.AssertionError -->
          <reporter-output>
          </reporter-output>
        </test-method> <!-- validloginTest -->
        <test-method status="PASS" signature="tearDown()[pri:0, instance:com.melorra.qa.tests.LoginPageTest@4678c730]" name="tearDown" is-config="true" duration-ms="1979" started-at="2018-07-10T11:48:59Z" finished-at="2018-07-10T11:49:01Z">
          <reporter-output>
          </reporter-output>
        </test-method> <!-- tearDown -->
      </class> <!-- com.melorra.qa.tests.LoginPageTest -->
    </test> <!-- Default test -->
  </suite> <!-- Default suite -->
</testng-results>
